This file contains any messages produced by compilers while
running configure, to aid debugging if configure makes a mistake.

It was created by ccl configure 1.0, which was
generated by GNU Autoconf 2.69.  Invocation command line was

  $ ./configure 

## --------- ##
## Platform. ##
## --------- ##

hostname = yuchen-Inspiron-3521
uname -m = x86_64
uname -r = 3.19.0-80-generic
uname -s = Linux
uname -v = #88~14.04.1-Ubuntu SMP Fri Jan 13 14:54:07 UTC 2017

/usr/bin/uname -p = unknown
/bin/uname -X     = unknown

/bin/arch              = unknown
/usr/bin/arch -k       = unknown
/usr/convex/getsysinfo = unknown
/usr/bin/hostinfo      = unknown
/bin/machine           = unknown
/usr/bin/oslevel       = unknown
/bin/universe          = unknown

PATH: /usr/local/mpi/bin
PATH: /opt/ros/indigo/bin
PATH: /usr/local/sbin
PATH: /usr/local/bin
PATH: /usr/sbin
PATH: /usr/bin
PATH: /sbin
PATH: /bin
PATH: /usr/games
PATH: /usr/local/games


## ----------- ##
## Core tests. ##
## ----------- ##

configure:2476: checking for gcc
configure:2492: found /usr/bin/gcc
configure:2503: result: gcc
configure:2732: checking for C compiler version
configure:2741: gcc --version >&5
gcc (Ubuntu 4.8.4-2ubuntu1~14.04.3) 4.8.4
Copyright (C) 2013 Free Software Foundation, Inc.
This is free software; see the source for copying conditions.  There is NO
warranty; not even for MERCHANTABILITY or FITNESS FOR A PARTICULAR PURPOSE.

configure:2752: $? = 0
configure:2741: gcc -v >&5
Using built-in specs.
COLLECT_GCC=gcc
COLLECT_LTO_WRAPPER=/usr/lib/gcc/x86_64-linux-gnu/4.8/lto-wrapper
Target: x86_64-linux-gnu
Configured with: ../src/configure -v --with-pkgversion='Ubuntu 4.8.4-2ubuntu1~14.04.3' --with-bugurl=file:///usr/share/doc/gcc-4.8/README.Bugs --enable-languages=c,c++,java,go,d,fortran,objc,obj-c++ --prefix=/usr --program-suffix=-4.8 --enable-shared --enable-linker-build-id --libexecdir=/usr/lib --without-included-gettext --enable-threads=posix --with-gxx-include-dir=/usr/include/c++/4.8 --libdir=/usr/lib --enable-nls --with-sysroot=/ --enable-clocale=gnu --enable-libstdcxx-debug --enable-libstdcxx-time=yes --enable-gnu-unique-object --disable-libmudflap --enable-plugin --with-system-zlib --disable-browser-plugin --enable-java-awt=gtk --enable-gtk-cairo --with-java-home=/usr/lib/jvm/java-1.5.0-gcj-4.8-amd64/jre --enable-java-home --with-jvm-root-dir=/usr/lib/jvm/java-1.5.0-gcj-4.8-amd64 --with-jvm-jar-dir=/usr/lib/jvm-exports/java-1.5.0-gcj-4.8-amd64 --with-arch-directory=amd64 --with-ecj-jar=/usr/share/java/eclipse-ecj.jar --enable-objc-gc --enable-multiarch --disable-werror --with-arch-32=i686 --with-abi=m64 --with-multilib-list=m32,m64,mx32 --with-tune=generic --enable-checking=release --build=x86_64-linux-gnu --host=x86_64-linux-gnu --target=x86_64-linux-gnu
Thread model: posix
gcc version 4.8.4 (Ubuntu 4.8.4-2ubuntu1~14.04.3) 
configure:2752: $? = 0
configure:2741: gcc -V >&5
gcc: error: unrecognized command line option '-V'
gcc: fatal error: no input files
compilation terminated.
configure:2752: $? = 4
configure:2741: gcc -qversion >&5
gcc: error: unrecognized command line option '-qversion'
gcc: fatal error: no input files
compilation terminated.
configure:2752: $? = 4
configure:2772: checking whether the C compiler works
configure:2794: gcc    conftest.c  >&5
configure:2798: $? = 0
configure:2846: result: yes
configure:2849: checking for C compiler default output file name
configure:2851: result: a.out
configure:2857: checking for suffix of executables
configure:2864: gcc -o conftest    conftest.c  >&5
configure:2868: $? = 0
configure:2890: result: 
configure:2912: checking whether we are cross compiling
configure:2920: gcc -o conftest    conftest.c  >&5
configure:2924: $? = 0
configure:2931: ./conftest
configure:2935: $? = 0
configure:2950: result: no
configure:2955: checking for suffix of object files
configure:2977: gcc -c   conftest.c >&5
configure:2981: $? = 0
configure:3002: result: o
configure:3006: checking whether we are using the GNU C compiler
configure:3025: gcc -c   conftest.c >&5
configure:3025: $? = 0
configure:3034: result: yes
configure:3043: checking whether gcc accepts -g
configure:3063: gcc -c -g  conftest.c >&5
configure:3063: $? = 0
configure:3104: result: yes
configure:3121: checking for gcc option to accept ISO C89
configure:3184: gcc  -c -g -O2  conftest.c >&5
configure:3184: $? = 0
configure:3197: result: none needed
configure:3222: checking whether gcc understands -c and -o together
configure:3244: gcc -c conftest.c -o conftest2.o
configure:3247: $? = 0
configure:3244: gcc -c conftest.c -o conftest2.o
configure:3247: $? = 0
configure:3259: result: yes
configure:3326: checking for ar
configure:3342: found /usr/bin/ar
configure:3353: result: ar
configure:3379: checking the archiver (ar) interface
configure:3395: gcc -c -g -O2  conftest.c >&5
configure:3395: $? = 0
configure:3397: ar cru libconftest.a conftest.o >&5
configure:3400: $? = 0
configure:3428: result: ar
configure:3477: checking build system type
configure:3491: result: x86_64-unknown-linux-gnu
configure:3511: checking host system type
configure:3524: result: x86_64-unknown-linux-gnu
configure:3565: checking how to print strings
configure:3592: result: printf
configure:3613: checking for a sed that does not truncate output
configure:3677: result: /bin/sed
configure:3695: checking for grep that handles long lines and -e
configure:3753: result: /bin/grep
configure:3758: checking for egrep
configure:3820: result: /bin/grep -E
configure:3825: checking for fgrep
configure:3887: result: /bin/grep -F
configure:3922: checking for ld used by gcc
configure:3989: result: /usr/bin/ld
configure:3996: checking if the linker (/usr/bin/ld) is GNU ld
configure:4011: result: yes
configure:4023: checking for BSD- or MS-compatible name lister (nm)
configure:4072: result: /usr/bin/nm -B
configure:4202: checking the name lister (/usr/bin/nm -B) interface
configure:4209: gcc -c -g -O2  conftest.c >&5
configure:4212: /usr/bin/nm -B "conftest.o"
configure:4215: output
0000000000000000 B some_variable
configure:4222: result: BSD nm
configure:4225: checking whether ln -s works
configure:4229: result: yes
configure:4237: checking the maximum length of command line arguments
configure:4368: result: 1572864
configure:4385: checking whether the shell understands some XSI constructs
configure:4395: result: yes
configure:4399: checking whether the shell understands "+="
configure:4405: result: yes
configure:4440: checking how to convert x86_64-unknown-linux-gnu file names to x86_64-unknown-linux-gnu format
configure:4480: result: func_convert_file_noop
configure:4487: checking how to convert x86_64-unknown-linux-gnu file names to toolchain format
configure:4507: result: func_convert_file_noop
configure:4514: checking for /usr/bin/ld option to reload object files
configure:4521: result: -r
configure:4595: checking for objdump
configure:4611: found /usr/bin/objdump
configure:4622: result: objdump
configure:4654: checking how to recognize dependent libraries
configure:4852: result: pass_all
configure:4937: checking for dlltool
configure:4967: result: no
configure:4997: checking how to associate runtime and link libraries
configure:5024: result: printf %s\n
configure:5148: checking for archiver @FILE support
configure:5165: gcc -c -g -O2  conftest.c >&5
configure:5165: $? = 0
configure:5168: ar cru libconftest.a @conftest.lst >&5
configure:5171: $? = 0
configure:5176: ar cru libconftest.a @conftest.lst >&5
ar: conftest.o: No such file or directory
configure:5179: $? = 1
configure:5191: result: @
configure:5249: checking for strip
configure:5265: found /usr/bin/strip
configure:5276: result: strip
configure:5348: checking for ranlib
configure:5364: found /usr/bin/ranlib
configure:5375: result: ranlib
configure:5452: checking for gawk
configure:5482: result: no
configure:5452: checking for mawk
configure:5468: found /usr/bin/mawk
configure:5479: result: mawk
configure:5519: checking command to parse /usr/bin/nm -B output from gcc object
configure:5639: gcc -c -g -O2  conftest.c >&5
configure:5642: $? = 0
configure:5646: /usr/bin/nm -B conftest.o \| sed -n -e 's/^.*[ ]\([ABCDGIRSTW][ABCDGIRSTW]*\)[ ][ ]*\([_A-Za-z][_A-Za-z0-9]*\)$/\1 \2 \2/p' | sed '/ __gnu_lto/d' \> conftest.nm
configure:5649: $? = 0
configure:5715: gcc -o conftest -g -O2   conftest.c conftstm.o >&5
configure:5718: $? = 0
configure:5756: result: ok
configure:5793: checking for sysroot
configure:5823: result: no
configure:5900: gcc -c -g -O2  conftest.c >&5
configure:5903: $? = 0
configure:6092: checking for mt
configure:6108: found /bin/mt
configure:6119: result: mt
configure:6142: checking if mt is a manifest tool
configure:6148: mt '-?'
configure:6156: result: no
configure:6798: checking how to run the C preprocessor
configure:6829: gcc -E  conftest.c
configure:6829: $? = 0
configure:6843: gcc -E  conftest.c
conftest.c:9:28: fatal error: ac_nonexistent.h: No such file or directory
 #include <ac_nonexistent.h>
                            ^
compilation terminated.
configure:6843: $? = 1
configure: failed program was:
| /* confdefs.h */
| #define PACKAGE_NAME "ccl"
| #define PACKAGE_TARNAME "ccl"
| #define PACKAGE_VERSION "1.0"
| #define PACKAGE_STRING "ccl 1.0"
| #define PACKAGE_BUGREPORT "yuchen.zhao@kcl.ac.uk"
| #define PACKAGE_URL ""
| /* end confdefs.h.  */
| #include <ac_nonexistent.h>
configure:6868: result: gcc -E
configure:6888: gcc -E  conftest.c
configure:6888: $? = 0
configure:6902: gcc -E  conftest.c
conftest.c:9:28: fatal error: ac_nonexistent.h: No such file or directory
 #include <ac_nonexistent.h>
                            ^
compilation terminated.
configure:6902: $? = 1
configure: failed program was:
| /* confdefs.h */
| #define PACKAGE_NAME "ccl"
| #define PACKAGE_TARNAME "ccl"
| #define PACKAGE_VERSION "1.0"
| #define PACKAGE_STRING "ccl 1.0"
| #define PACKAGE_BUGREPORT "yuchen.zhao@kcl.ac.uk"
| #define PACKAGE_URL ""
| /* end confdefs.h.  */
| #include <ac_nonexistent.h>
configure:6931: checking for ANSI C header files
configure:6951: gcc -c -g -O2  conftest.c >&5
configure:6951: $? = 0
configure:7024: gcc -o conftest -g -O2   conftest.c  >&5
configure:7024: $? = 0
configure:7024: ./conftest
configure:7024: $? = 0
configure:7035: result: yes
configure:7048: checking for sys/types.h
configure:7048: gcc -c -g -O2  conftest.c >&5
configure:7048: $? = 0
configure:7048: result: yes
configure:7048: checking for sys/stat.h
configure:7048: gcc -c -g -O2  conftest.c >&5
configure:7048: $? = 0
configure:7048: result: yes
configure:7048: checking for stdlib.h
configure:7048: gcc -c -g -O2  conftest.c >&5
configure:7048: $? = 0
configure:7048: result: yes
configure:7048: checking for string.h
configure:7048: gcc -c -g -O2  conftest.c >&5
configure:7048: $? = 0
configure:7048: result: yes
configure:7048: checking for memory.h
configure:7048: gcc -c -g -O2  conftest.c >&5
configure:7048: $? = 0
configure:7048: result: yes
configure:7048: checking for strings.h
configure:7048: gcc -c -g -O2  conftest.c >&5
configure:7048: $? = 0
configure:7048: result: yes
configure:7048: checking for inttypes.h
configure:7048: gcc -c -g -O2  conftest.c >&5
configure:7048: $? = 0
configure:7048: result: yes
configure:7048: checking for stdint.h
configure:7048: gcc -c -g -O2  conftest.c >&5
configure:7048: $? = 0
configure:7048: result: yes
configure:7048: checking for unistd.h
configure:7048: gcc -c -g -O2  conftest.c >&5
configure:7048: $? = 0
configure:7048: result: yes
configure:7062: checking for dlfcn.h
configure:7062: gcc -c -g -O2  conftest.c >&5
configure:7062: $? = 0
configure:7062: result: yes
configure:7268: checking for objdir
configure:7283: result: .libs
configure:7554: checking if gcc supports -fno-rtti -fno-exceptions
configure:7572: gcc -c -g -O2  -fno-rtti -fno-exceptions conftest.c >&5
cc1: warning: command line option '-fno-rtti' is valid for C++/ObjC++ but not for C [enabled by default]
configure:7576: $? = 0
configure:7589: result: no
configure:7916: checking for gcc option to produce PIC
configure:7923: result: -fPIC -DPIC
configure:7931: checking if gcc PIC flag -fPIC -DPIC works
configure:7949: gcc -c -g -O2  -fPIC -DPIC -DPIC conftest.c >&5
configure:7953: $? = 0
configure:7966: result: yes
configure:7995: checking if gcc static flag -static works
configure:8023: result: yes
configure:8038: checking if gcc supports -c -o file.o
configure:8059: gcc -c -g -O2  -o out/conftest2.o conftest.c >&5
configure:8063: $? = 0
configure:8085: result: yes
configure:8093: checking if gcc supports -c -o file.o
configure:8140: result: yes
configure:8173: checking whether the gcc linker (/usr/bin/ld -m elf_x86_64) supports shared libraries
configure:9330: result: yes
configure:9367: checking whether -lc should be explicitly linked in
configure:9375: gcc -c -g -O2  conftest.c >&5
configure:9378: $? = 0
configure:9393: gcc -shared  -fPIC -DPIC conftest.o  -v -Wl,-soname -Wl,conftest -o conftest 2\>\&1 \| /bin/grep  -lc  \>/dev/null 2\>\&1
configure:9396: $? = 0
configure:9410: result: no
configure:9570: checking dynamic linker characteristics
configure:10070: gcc -o conftest -g -O2   -Wl,-rpath -Wl,/foo conftest.c  >&5
configure:10070: $? = 0
configure:10304: result: GNU/Linux ld.so
configure:10411: checking how to hardcode library paths into programs
configure:10436: result: immediate
configure:10976: checking whether stripping libraries is possible
configure:10981: result: yes
configure:11016: checking if libtool supports shared libraries
configure:11018: result: yes
configure:11021: checking whether to build shared libraries
configure:11042: result: yes
configure:11045: checking whether to build static libraries
configure:11049: result: yes
configure:11135: checking for gcc
configure:11162: result: gcc
configure:11391: checking for C compiler version
configure:11400: gcc --version >&5
gcc (Ubuntu 4.8.4-2ubuntu1~14.04.3) 4.8.4
Copyright (C) 2013 Free Software Foundation, Inc.
This is free software; see the source for copying conditions.  There is NO
warranty; not even for MERCHANTABILITY or FITNESS FOR A PARTICULAR PURPOSE.

configure:11411: $? = 0
configure:11400: gcc -v >&5
Using built-in specs.
COLLECT_GCC=gcc
COLLECT_LTO_WRAPPER=/usr/lib/gcc/x86_64-linux-gnu/4.8/lto-wrapper
Target: x86_64-linux-gnu
Configured with: ../src/configure -v --with-pkgversion='Ubuntu 4.8.4-2ubuntu1~14.04.3' --with-bugurl=file:///usr/share/doc/gcc-4.8/README.Bugs --enable-languages=c,c++,java,go,d,fortran,objc,obj-c++ --prefix=/usr --program-suffix=-4.8 --enable-shared --enable-linker-build-id --libexecdir=/usr/lib --without-included-gettext --enable-threads=posix --with-gxx-include-dir=/usr/include/c++/4.8 --libdir=/usr/lib --enable-nls --with-sysroot=/ --enable-clocale=gnu --enable-libstdcxx-debug --enable-libstdcxx-time=yes --enable-gnu-unique-object --disable-libmudflap --enable-plugin --with-system-zlib --disable-browser-plugin --enable-java-awt=gtk --enable-gtk-cairo --with-java-home=/usr/lib/jvm/java-1.5.0-gcj-4.8-amd64/jre --enable-java-home --with-jvm-root-dir=/usr/lib/jvm/java-1.5.0-gcj-4.8-amd64 --with-jvm-jar-dir=/usr/lib/jvm-exports/java-1.5.0-gcj-4.8-amd64 --with-arch-directory=amd64 --with-ecj-jar=/usr/share/java/eclipse-ecj.jar --enable-objc-gc --enable-multiarch --disable-werror --with-arch-32=i686 --with-abi=m64 --with-multilib-list=m32,m64,mx32 --with-tune=generic --enable-checking=release --build=x86_64-linux-gnu --host=x86_64-linux-gnu --target=x86_64-linux-gnu
Thread model: posix
gcc version 4.8.4 (Ubuntu 4.8.4-2ubuntu1~14.04.3) 
configure:11411: $? = 0
configure:11400: gcc -V >&5
gcc: error: unrecognized command line option '-V'
gcc: fatal error: no input files
compilation terminated.
configure:11411: $? = 4
configure:11400: gcc -qversion >&5
gcc: error: unrecognized command line option '-qversion'
gcc: fatal error: no input files
compilation terminated.
configure:11411: $? = 4
configure:11415: checking whether we are using the GNU C compiler
configure:11443: result: yes
configure:11452: checking whether gcc accepts -g
configure:11513: result: yes
configure:11530: checking for gcc option to accept ISO C89
configure:11606: result: none needed
configure:11631: checking whether gcc understands -c and -o together
configure:11668: result: yes
configure:11743: checking for g++
configure:11759: found /usr/bin/g++
configure:11770: result: g++
configure:11797: checking for C++ compiler version
configure:11806: g++ --version >&5
g++ (Ubuntu 4.8.4-2ubuntu1~14.04.3) 4.8.4
Copyright (C) 2013 Free Software Foundation, Inc.
This is free software; see the source for copying conditions.  There is NO
warranty; not even for MERCHANTABILITY or FITNESS FOR A PARTICULAR PURPOSE.

configure:11817: $? = 0
configure:11806: g++ -v >&5
Using built-in specs.
COLLECT_GCC=g++
COLLECT_LTO_WRAPPER=/usr/lib/gcc/x86_64-linux-gnu/4.8/lto-wrapper
Target: x86_64-linux-gnu
Configured with: ../src/configure -v --with-pkgversion='Ubuntu 4.8.4-2ubuntu1~14.04.3' --with-bugurl=file:///usr/share/doc/gcc-4.8/README.Bugs --enable-languages=c,c++,java,go,d,fortran,objc,obj-c++ --prefix=/usr --program-suffix=-4.8 --enable-shared --enable-linker-build-id --libexecdir=/usr/lib --without-included-gettext --enable-threads=posix --with-gxx-include-dir=/usr/include/c++/4.8 --libdir=/usr/lib --enable-nls --with-sysroot=/ --enable-clocale=gnu --enable-libstdcxx-debug --enable-libstdcxx-time=yes --enable-gnu-unique-object --disable-libmudflap --enable-plugin --with-system-zlib --disable-browser-plugin --enable-java-awt=gtk --enable-gtk-cairo --with-java-home=/usr/lib/jvm/java-1.5.0-gcj-4.8-amd64/jre --enable-java-home --with-jvm-root-dir=/usr/lib/jvm/java-1.5.0-gcj-4.8-amd64 --with-jvm-jar-dir=/usr/lib/jvm-exports/java-1.5.0-gcj-4.8-amd64 --with-arch-directory=amd64 --with-ecj-jar=/usr/share/java/eclipse-ecj.jar --enable-objc-gc --enable-multiarch --disable-werror --with-arch-32=i686 --with-abi=m64 --with-multilib-list=m32,m64,mx32 --with-tune=generic --enable-checking=release --build=x86_64-linux-gnu --host=x86_64-linux-gnu --target=x86_64-linux-gnu
Thread model: posix
gcc version 4.8.4 (Ubuntu 4.8.4-2ubuntu1~14.04.3) 
configure:11817: $? = 0
configure:11806: g++ -V >&5
g++: error: unrecognized command line option '-V'
g++: fatal error: no input files
compilation terminated.
configure:11817: $? = 4
configure:11806: g++ -qversion >&5
g++: error: unrecognized command line option '-qversion'
g++: fatal error: no input files
compilation terminated.
configure:11817: $? = 4
configure:11821: checking whether we are using the GNU C++ compiler
configure:11840: g++ -c   conftest.cpp >&5
configure:11840: $? = 0
configure:11849: result: yes
configure:11858: checking whether g++ accepts -g
configure:11878: g++ -c -g  conftest.cpp >&5
configure:11878: $? = 0
configure:11919: result: yes
configure:11960: checking how to run the C++ preprocessor
configure:11987: g++ -E  conftest.cpp
configure:11987: $? = 0
configure:12001: g++ -E  conftest.cpp
conftest.cpp:21:28: fatal error: ac_nonexistent.h: No such file or directory
 #include <ac_nonexistent.h>
                            ^
compilation terminated.
configure:12001: $? = 1
configure: failed program was:
| /* confdefs.h */
| #define PACKAGE_NAME "ccl"
| #define PACKAGE_TARNAME "ccl"
| #define PACKAGE_VERSION "1.0"
| #define PACKAGE_STRING "ccl 1.0"
| #define PACKAGE_BUGREPORT "yuchen.zhao@kcl.ac.uk"
| #define PACKAGE_URL ""
| #define STDC_HEADERS 1
| #define HAVE_SYS_TYPES_H 1
| #define HAVE_SYS_STAT_H 1
| #define HAVE_STDLIB_H 1
| #define HAVE_STRING_H 1
| #define HAVE_MEMORY_H 1
| #define HAVE_STRINGS_H 1
| #define HAVE_INTTYPES_H 1
| #define HAVE_STDINT_H 1
| #define HAVE_UNISTD_H 1
| #define HAVE_DLFCN_H 1
| #define LT_OBJDIR ".libs/"
| /* end confdefs.h.  */
| #include <ac_nonexistent.h>
configure:12026: result: g++ -E
configure:12046: g++ -E  conftest.cpp
configure:12046: $? = 0
configure:12060: g++ -E  conftest.cpp
conftest.cpp:21:28: fatal error: ac_nonexistent.h: No such file or directory
 #include <ac_nonexistent.h>
                            ^
compilation terminated.
configure:12060: $? = 1
configure: failed program was:
| /* confdefs.h */
| #define PACKAGE_NAME "ccl"
| #define PACKAGE_TARNAME "ccl"
| #define PACKAGE_VERSION "1.0"
| #define PACKAGE_STRING "ccl 1.0"
| #define PACKAGE_BUGREPORT "yuchen.zhao@kcl.ac.uk"
| #define PACKAGE_URL ""
| #define STDC_HEADERS 1
| #define HAVE_SYS_TYPES_H 1
| #define HAVE_SYS_STAT_H 1
| #define HAVE_STDLIB_H 1
| #define HAVE_STRING_H 1
| #define HAVE_MEMORY_H 1
| #define HAVE_STRINGS_H 1
| #define HAVE_INTTYPES_H 1
| #define HAVE_STDINT_H 1
| #define HAVE_UNISTD_H 1
| #define HAVE_DLFCN_H 1
| #define LT_OBJDIR ".libs/"
| /* end confdefs.h.  */
| #include <ac_nonexistent.h>
configure:12229: checking for ld used by g++
configure:12296: result: /usr/bin/ld -m elf_x86_64
configure:12303: checking if the linker (/usr/bin/ld -m elf_x86_64) is GNU ld
configure:12318: result: yes
configure:12373: checking whether the g++ linker (/usr/bin/ld -m elf_x86_64) supports shared libraries
configure:13375: result: yes
configure:13411: g++ -c -g -O2  conftest.cpp >&5
configure:13414: $? = 0
configure:13934: checking for g++ option to produce PIC
configure:13941: result: -fPIC -DPIC
configure:13949: checking if g++ PIC flag -fPIC -DPIC works
configure:13967: g++ -c -g -O2  -fPIC -DPIC -DPIC conftest.cpp >&5
configure:13971: $? = 0
configure:13984: result: yes
configure:14007: checking if g++ static flag -static works
configure:14035: result: yes
configure:14047: checking if g++ supports -c -o file.o
configure:14068: g++ -c -g -O2  -o out/conftest2.o conftest.cpp >&5
configure:14072: $? = 0
configure:14094: result: yes
configure:14099: checking if g++ supports -c -o file.o
configure:14146: result: yes
configure:14176: checking whether the g++ linker (/usr/bin/ld -m elf_x86_64) supports shared libraries
configure:14215: result: yes
configure:14356: checking dynamic linker characteristics
configure:15024: result: GNU/Linux ld.so
configure:15077: checking how to hardcode library paths into programs
configure:15102: result: immediate
configure:15160: checking for a BSD-compatible install
configure:15228: result: /usr/bin/install -c
configure:15239: checking whether build environment is sane
configure:15294: result: yes
configure:15442: checking for a thread-safe mkdir -p
configure:15481: result: /bin/mkdir -p
configure:15484: checking whether make sets $(MAKE)
configure:15506: result: yes
configure:15536: checking for style of include used by make
configure:15564: result: GNU
configure:15598: checking whether make supports nested variables
configure:15615: result: yes
configure:15700: checking dependency style of gcc
configure:15811: result: gcc3
configure:15828: checking dependency style of g++
configure:15939: result: gcc3
configure:15996: checking for cos in -lm
configure:16021: gcc -o conftest -g -O2   conftest.c -lm   >&5
conftest.c:30:6: warning: conflicting types for built-in function 'cos' [enabled by default]
 char cos ();
      ^
configure:16021: $? = 0
configure:16030: result: yes
configure:16041: checking for cblas_dgemm in -lgslcblas
configure:16066: gcc -o conftest -g -O2   conftest.c -lgslcblas  -lm  >&5
configure:16066: $? = 0
configure:16075: result: yes
configure:16086: checking for gsl_blas_dgemm in -lgsl
configure:16111: gcc -o conftest -g -O2   conftest.c -lgsl  -lgslcblas -lm  >&5
configure:16111: $? = 0
configure:16120: result: yes
configure:16132: checking for an ANSI C-conforming const
configure:16198: gcc -c -g -O2  conftest.c >&5
configure:16198: $? = 0
configure:16205: result: yes
configure:16213: checking for error_at_line
configure:16229: gcc -o conftest -g -O2   conftest.c -lgsl -lgslcblas -lm  >&5
configure:16229: $? = 0
configure:16237: result: yes
configure:16250: checking for stdlib.h
configure:16250: result: yes
configure:16260: checking for GNU libc compatible malloc
configure:16284: gcc -o conftest -g -O2   conftest.c -lgsl -lgslcblas -lm  >&5
configure:16284: $? = 0
configure:16284: ./conftest
configure:16284: $? = 0
configure:16294: result: yes
configure:16315: checking for size_t
configure:16315: gcc -c -g -O2  conftest.c >&5
configure:16315: $? = 0
configure:16315: gcc -c -g -O2  conftest.c >&5
conftest.c: In function 'main':
conftest.c:64:21: error: expected expression before ')' token
 if (sizeof ((size_t)))
                     ^
configure:16315: $? = 1
configure: failed program was:
| /* confdefs.h */
| #define PACKAGE_NAME "ccl"
| #define PACKAGE_TARNAME "ccl"
| #define PACKAGE_VERSION "1.0"
| #define PACKAGE_STRING "ccl 1.0"
| #define PACKAGE_BUGREPORT "yuchen.zhao@kcl.ac.uk"
| #define PACKAGE_URL ""
| #define STDC_HEADERS 1
| #define HAVE_SYS_TYPES_H 1
| #define HAVE_SYS_STAT_H 1
| #define HAVE_STDLIB_H 1
| #define HAVE_STRING_H 1
| #define HAVE_MEMORY_H 1
| #define HAVE_STRINGS_H 1
| #define HAVE_INTTYPES_H 1
| #define HAVE_STDINT_H 1
| #define HAVE_UNISTD_H 1
| #define HAVE_DLFCN_H 1
| #define LT_OBJDIR ".libs/"
| #define PACKAGE "ccl"
| #define VERSION "1.0"
| #define HAVE_LIBM 1
| #define HAVE_LIBGSLCBLAS 1
| #define HAVE_LIBGSL 1
| #define HAVE_STDLIB_H 1
| #define HAVE_MALLOC 1
| /* end confdefs.h.  */
| #include <stdio.h>
| #ifdef HAVE_SYS_TYPES_H
| # include <sys/types.h>
| #endif
| #ifdef HAVE_SYS_STAT_H
| # include <sys/stat.h>
| #endif
| #ifdef STDC_HEADERS
| # include <stdlib.h>
| # include <stddef.h>
| #else
| # ifdef HAVE_STDLIB_H
| #  include <stdlib.h>
| # endif
| #endif
| #ifdef HAVE_STRING_H
| # if !defined STDC_HEADERS && defined HAVE_MEMORY_H
| #  include <memory.h>
| # endif
| # include <string.h>
| #endif
| #ifdef HAVE_STRINGS_H
| # include <strings.h>
| #endif
| #ifdef HAVE_INTTYPES_H
| # include <inttypes.h>
| #endif
| #ifdef HAVE_STDINT_H
| # include <stdint.h>
| #endif
| #ifdef HAVE_UNISTD_H
| # include <unistd.h>
| #endif
| int
| main ()
| {
| if (sizeof ((size_t)))
| 	    return 0;
|   ;
|   return 0;
| }
configure:16315: result: yes
configure:16327: checking for stdbool.h that conforms to C99
configure:16394: gcc -c -g -O2  conftest.c >&5
configure:16394: $? = 0
configure:16401: result: yes
configure:16403: checking for _Bool
configure:16403: gcc -c -g -O2  conftest.c >&5
configure:16403: $? = 0
configure:16403: gcc -c -g -O2  conftest.c >&5
conftest.c: In function 'main':
conftest.c:64:20: error: expected expression before ')' token
 if (sizeof ((_Bool)))
                    ^
configure:16403: $? = 1
configure: failed program was:
| /* confdefs.h */
| #define PACKAGE_NAME "ccl"
| #define PACKAGE_TARNAME "ccl"
| #define PACKAGE_VERSION "1.0"
| #define PACKAGE_STRING "ccl 1.0"
| #define PACKAGE_BUGREPORT "yuchen.zhao@kcl.ac.uk"
| #define PACKAGE_URL ""
| #define STDC_HEADERS 1
| #define HAVE_SYS_TYPES_H 1
| #define HAVE_SYS_STAT_H 1
| #define HAVE_STDLIB_H 1
| #define HAVE_STRING_H 1
| #define HAVE_MEMORY_H 1
| #define HAVE_STRINGS_H 1
| #define HAVE_INTTYPES_H 1
| #define HAVE_STDINT_H 1
| #define HAVE_UNISTD_H 1
| #define HAVE_DLFCN_H 1
| #define LT_OBJDIR ".libs/"
| #define PACKAGE "ccl"
| #define VERSION "1.0"
| #define HAVE_LIBM 1
| #define HAVE_LIBGSLCBLAS 1
| #define HAVE_LIBGSL 1
| #define HAVE_STDLIB_H 1
| #define HAVE_MALLOC 1
| /* end confdefs.h.  */
| #include <stdio.h>
| #ifdef HAVE_SYS_TYPES_H
| # include <sys/types.h>
| #endif
| #ifdef HAVE_SYS_STAT_H
| # include <sys/stat.h>
| #endif
| #ifdef STDC_HEADERS
| # include <stdlib.h>
| # include <stddef.h>
| #else
| # ifdef HAVE_STDLIB_H
| #  include <stdlib.h>
| # endif
| #endif
| #ifdef HAVE_STRING_H
| # if !defined STDC_HEADERS && defined HAVE_MEMORY_H
| #  include <memory.h>
| # endif
| # include <string.h>
| #endif
| #ifdef HAVE_STRINGS_H
| # include <strings.h>
| #endif
| #ifdef HAVE_INTTYPES_H
| # include <inttypes.h>
| #endif
| #ifdef HAVE_STDINT_H
| # include <stdint.h>
| #endif
| #ifdef HAVE_UNISTD_H
| # include <unistd.h>
| #endif
| int
| main ()
| {
| if (sizeof ((_Bool)))
| 	    return 0;
|   ;
|   return 0;
| }
configure:16403: result: yes
configure:16420: checking for ANSI C header files
configure:16524: result: yes
configure:16532: checking whether struct tm is in sys/time.h or time.h
configure:16552: gcc -c -g -O2  conftest.c >&5
configure:16552: $? = 0
configure:16559: result: time.h
configure:16679: checking that generated files are newer than configure
configure:16685: result: done
configure:16712: creating ./config.status

## ---------------------- ##
## Running config.status. ##
## ---------------------- ##

This file was extended by ccl config.status 1.0, which was
generated by GNU Autoconf 2.69.  Invocation command line was

  CONFIG_FILES    = 
  CONFIG_HEADERS  = 
  CONFIG_LINKS    = 
  CONFIG_COMMANDS = 
  $ ./config.status 

on yuchen-Inspiron-3521

config.status:1153: creating Makefile
config.status:1153: creating src/Makefile
config.status:1153: creating include/Makefile
config.status:1153: creating include/ccl_config.h
config.status:1382: executing libtool commands
config.status:1382: executing depfiles commands

## ---------------- ##
## Cache variables. ##
## ---------------- ##

ac_cv_build=x86_64-unknown-linux-gnu
ac_cv_c_compiler_gnu=yes
ac_cv_c_const=yes
ac_cv_cxx_compiler_gnu=yes
ac_cv_env_CCC_set=
ac_cv_env_CCC_value=
ac_cv_env_CC_set=
ac_cv_env_CC_value=
ac_cv_env_CFLAGS_set=
ac_cv_env_CFLAGS_value=
ac_cv_env_CPPFLAGS_set=
ac_cv_env_CPPFLAGS_value=
ac_cv_env_CPP_set=
ac_cv_env_CPP_value=
ac_cv_env_CXXCPP_set=
ac_cv_env_CXXCPP_value=
ac_cv_env_CXXFLAGS_set=
ac_cv_env_CXXFLAGS_value=
ac_cv_env_CXX_set=
ac_cv_env_CXX_value=
ac_cv_env_LDFLAGS_set=
ac_cv_env_LDFLAGS_value=
ac_cv_env_LIBS_set=
ac_cv_env_LIBS_value=
ac_cv_env_build_alias_set=
ac_cv_env_build_alias_value=
ac_cv_env_host_alias_set=
ac_cv_env_host_alias_value=
ac_cv_env_target_alias_set=
ac_cv_env_target_alias_value=
ac_cv_func_malloc_0_nonnull=yes
ac_cv_header_dlfcn_h=yes
ac_cv_header_inttypes_h=yes
ac_cv_header_memory_h=yes
ac_cv_header_stdbool_h=yes
ac_cv_header_stdc=yes
ac_cv_header_stdint_h=yes
ac_cv_header_stdlib_h=yes
ac_cv_header_string_h=yes
ac_cv_header_strings_h=yes
ac_cv_header_sys_stat_h=yes
ac_cv_header_sys_types_h=yes
ac_cv_header_unistd_h=yes
ac_cv_host=x86_64-unknown-linux-gnu
ac_cv_lib_error_at_line=yes
ac_cv_lib_gsl_gsl_blas_dgemm=yes
ac_cv_lib_gslcblas_cblas_dgemm=yes
ac_cv_lib_m_cos=yes
ac_cv_objext=o
ac_cv_path_EGREP='/bin/grep -E'
ac_cv_path_FGREP='/bin/grep -F'
ac_cv_path_GREP=/bin/grep
ac_cv_path_SED=/bin/sed
ac_cv_path_install='/usr/bin/install -c'
ac_cv_path_mkdir=/bin/mkdir
ac_cv_prog_AWK=mawk
ac_cv_prog_CPP='gcc -E'
ac_cv_prog_CXXCPP='g++ -E'
ac_cv_prog_ac_ct_AR=ar
ac_cv_prog_ac_ct_CC=gcc
ac_cv_prog_ac_ct_CXX=g++
ac_cv_prog_ac_ct_MANIFEST_TOOL=mt
ac_cv_prog_ac_ct_OBJDUMP=objdump
ac_cv_prog_ac_ct_RANLIB=ranlib
ac_cv_prog_ac_ct_STRIP=strip
ac_cv_prog_cc_c89=
ac_cv_prog_cc_g=yes
ac_cv_prog_cxx_g=yes
ac_cv_prog_make_make_set=yes
ac_cv_struct_tm=time.h
ac_cv_type__Bool=yes
ac_cv_type_size_t=yes
am_cv_CC_dependencies_compiler_type=gcc3
am_cv_CXX_dependencies_compiler_type=gcc3
am_cv_ar_interface=ar
am_cv_make_support_nested_variables=yes
am_cv_prog_cc_c_o=yes
lt_cv_ar_at_file=@
lt_cv_archive_cmds_need_lc=no
lt_cv_deplibs_check_method=pass_all
lt_cv_file_magic_cmd='$MAGIC_CMD'
lt_cv_file_magic_test_file=
lt_cv_ld_reload_flag=-r
lt_cv_nm_interface='BSD nm'
lt_cv_objdir=.libs
lt_cv_path_LD=/usr/bin/ld
lt_cv_path_LDCXX='/usr/bin/ld -m elf_x86_64'
lt_cv_path_NM='/usr/bin/nm -B'
lt_cv_path_mainfest_tool=no
lt_cv_prog_compiler_c_o=yes
lt_cv_prog_compiler_c_o_CXX=yes
lt_cv_prog_compiler_pic='-fPIC -DPIC'
lt_cv_prog_compiler_pic_CXX='-fPIC -DPIC'
lt_cv_prog_compiler_pic_works=yes
lt_cv_prog_compiler_pic_works_CXX=yes
lt_cv_prog_compiler_rtti_exceptions=no
lt_cv_prog_compiler_static_works=yes
lt_cv_prog_compiler_static_works_CXX=yes
lt_cv_prog_gnu_ld=yes
lt_cv_prog_gnu_ldcxx=yes
lt_cv_sharedlib_from_linklib_cmd='printf %s\n'
lt_cv_shlibpath_overrides_runpath=no
lt_cv_sys_global_symbol_pipe='sed -n -e '\''s/^.*[	 ]\([ABCDGIRSTW][ABCDGIRSTW]*\)[	 ][	 ]*\([_A-Za-z][_A-Za-z0-9]*\)$/\1 \2 \2/p'\'' | sed '\''/ __gnu_lto/d'\'''
lt_cv_sys_global_symbol_to_c_name_address='sed -n -e '\''s/^: \([^ ]*\)[ ]*$/  {\"\1\", (void *) 0},/p'\'' -e '\''s/^[ABCDGIRSTW]* \([^ ]*\) \([^ ]*\)$/  {"\2", (void *) \&\2},/p'\'''
lt_cv_sys_global_symbol_to_c_name_address_lib_prefix='sed -n -e '\''s/^: \([^ ]*\)[ ]*$/  {\"\1\", (void *) 0},/p'\'' -e '\''s/^[ABCDGIRSTW]* \([^ ]*\) \(lib[^ ]*\)$/  {"\2", (void *) \&\2},/p'\'' -e '\''s/^[ABCDGIRSTW]* \([^ ]*\) \([^ ]*\)$/  {"lib\2", (void *) \&\2},/p'\'''
lt_cv_sys_global_symbol_to_cdecl='sed -n -e '\''s/^T .* \(.*\)$/extern int \1();/p'\'' -e '\''s/^[ABCDGIRSTW]* .* \(.*\)$/extern char \1;/p'\'''
lt_cv_sys_max_cmd_len=1572864
lt_cv_to_host_file_cmd=func_convert_file_noop
lt_cv_to_tool_file_cmd=func_convert_file_noop

## ----------------- ##
## Output variables. ##
## ----------------- ##

ACLOCAL='${SHELL} /home/yuchen/Desktop/ccl-1.0/buid-aux/missing aclocal-1.14'
AMDEPBACKSLASH='\'
AMDEP_FALSE='#'
AMDEP_TRUE=''
AMTAR='$${TAR-tar}'
AM_BACKSLASH='\'
AM_DEFAULT_V='$(AM_DEFAULT_VERBOSITY)'
AM_DEFAULT_VERBOSITY='1'
AM_V='$(V)'
AR='ar'
AUTOCONF='${SHELL} /home/yuchen/Desktop/ccl-1.0/buid-aux/missing autoconf'
AUTOHEADER='${SHELL} /home/yuchen/Desktop/ccl-1.0/buid-aux/missing autoheader'
AUTOMAKE='${SHELL} /home/yuchen/Desktop/ccl-1.0/buid-aux/missing automake-1.14'
AWK='mawk'
CC='gcc'
CCDEPMODE='depmode=gcc3'
CFLAGS='-g -O2'
CPP='gcc -E'
CPPFLAGS=''
CXX='g++'
CXXCPP='g++ -E'
CXXDEPMODE='depmode=gcc3'
CXXFLAGS='-g -O2'
CYGPATH_W='echo'
DEFS='-DHAVE_CONFIG_H'
DEPDIR='.deps'
DLLTOOL='false'
DSYMUTIL=''
DUMPBIN=''
ECHO_C=''
ECHO_N='-n'
ECHO_T=''
EGREP='/bin/grep -E'
EXEEXT=''
FGREP='/bin/grep -F'
GREP='/bin/grep'
INSTALL_DATA='${INSTALL} -m 644'
INSTALL_PROGRAM='${INSTALL}'
INSTALL_SCRIPT='${INSTALL}'
INSTALL_STRIP_PROGRAM='$(install_sh) -c -s'
LD='/usr/bin/ld -m elf_x86_64'
LDFLAGS=''
LIBOBJS=''
LIBS='-lgsl -lgslcblas -lm '
LIBTOOL='$(SHELL) $(top_builddir)/libtool'
LIPO=''
LN_S='ln -s'
LTLIBOBJS=''
MAKEINFO='${SHELL} /home/yuchen/Desktop/ccl-1.0/buid-aux/missing makeinfo'
MANIFEST_TOOL=':'
MKDIR_P='/bin/mkdir -p'
NM='/usr/bin/nm -B'
NMEDIT=''
OBJDUMP='objdump'
OBJEXT='o'
OTOOL64=''
OTOOL=''
PACKAGE='ccl'
PACKAGE_BUGREPORT='yuchen.zhao@kcl.ac.uk'
PACKAGE_NAME='ccl'
PACKAGE_STRING='ccl 1.0'
PACKAGE_TARNAME='ccl'
PACKAGE_URL=''
PACKAGE_VERSION='1.0'
PATH_SEPARATOR=':'
RANLIB='ranlib'
SED='/bin/sed'
SET_MAKE=''
SHELL='/bin/bash'
STRIP='strip'
VERSION='1.0'
ac_ct_AR='ar'
ac_ct_CC='gcc'
ac_ct_CXX='g++'
ac_ct_DUMPBIN=''
am__EXEEXT_FALSE=''
am__EXEEXT_TRUE='#'
am__fastdepCC_FALSE='#'
am__fastdepCC_TRUE=''
am__fastdepCXX_FALSE='#'
am__fastdepCXX_TRUE=''
am__include='include'
am__isrc=''
am__leading_dot='.'
am__nodep='_no'
am__quote=''
am__tar='$${TAR-tar} chof - "$$tardir"'
am__untar='$${TAR-tar} xf -'
bindir='${exec_prefix}/bin'
build='x86_64-unknown-linux-gnu'
build_alias=''
build_cpu='x86_64'
build_os='linux-gnu'
build_vendor='unknown'
datadir='${datarootdir}'
datarootdir='${prefix}/share'
docdir='${datarootdir}/doc/${PACKAGE_TARNAME}'
dvidir='${docdir}'
exec_prefix='${prefix}'
host='x86_64-unknown-linux-gnu'
host_alias=''
host_cpu='x86_64'
host_os='linux-gnu'
host_vendor='unknown'
htmldir='${docdir}'
includedir='${prefix}/include'
infodir='${datarootdir}/info'
install_sh='${SHELL} /home/yuchen/Desktop/ccl-1.0/buid-aux/install-sh'
libdir='${exec_prefix}/lib'
libexecdir='${exec_prefix}/libexec'
localedir='${datarootdir}/locale'
localstatedir='${prefix}/var'
mandir='${datarootdir}/man'
mkdir_p='$(MKDIR_P)'
oldincludedir='/usr/include'
pdfdir='${docdir}'
prefix='/usr/local'
program_transform_name='s,x,x,'
psdir='${docdir}'
sbindir='${exec_prefix}/sbin'
sharedstatedir='${prefix}/com'
sysconfdir='${prefix}/etc'
target_alias=''

## ----------- ##
## confdefs.h. ##
## ----------- ##

/* confdefs.h */
#define PACKAGE_NAME "ccl"
#define PACKAGE_TARNAME "ccl"
#define PACKAGE_VERSION "1.0"
#define PACKAGE_STRING "ccl 1.0"
#define PACKAGE_BUGREPORT "yuchen.zhao@kcl.ac.uk"
#define PACKAGE_URL ""
#define STDC_HEADERS 1
#define HAVE_SYS_TYPES_H 1
#define HAVE_SYS_STAT_H 1
#define HAVE_STDLIB_H 1
#define HAVE_STRING_H 1
#define HAVE_MEMORY_H 1
#define HAVE_STRINGS_H 1
#define HAVE_INTTYPES_H 1
#define HAVE_STDINT_H 1
#define HAVE_UNISTD_H 1
#define HAVE_DLFCN_H 1
#define LT_OBJDIR ".libs/"
#define PACKAGE "ccl"
#define VERSION "1.0"
#define HAVE_LIBM 1
#define HAVE_LIBGSLCBLAS 1
#define HAVE_LIBGSL 1
#define HAVE_STDLIB_H 1
#define HAVE_MALLOC 1
#define HAVE__BOOL 1
#define HAVE_STDBOOL_H 1
#define STDC_HEADERS 1

configure: exit 0
